Build started 31.3.2015 16:59:52.
     1>Project "C:\Users\Cemre\Desktop\paint5\paint\paint\paint.vcxproj" on node 2 (Build target(s)).
     1>ClCompile:
         C:\Program Files (x86)\Microsoft Visual Studio 12.0\VC\bin\CL.exe /c /I.\GeneratedFiles /I. /IC:\Qt2\5.4\msvc2013\include /I.\GeneratedFiles\Debug /IC:\Qt2\5.4\msvc2013\include\QtCore /IC:\Qt2\5.4\msvc2013\include\QtGui /IC:\Qt2\5.4\msvc2013\include\QtOpenGL /IC:\Qt2\5.4\msvc2013\include\QtWidgets /I"C:\Users\pc\Documents\Visual Studio 2010\Projects\glew\include" /Zi /nologo /W1 /WX- /Od /Oy- /D "UNICODE" /D "WIN32" /D "WIN64" /D QT_DLL /D "QT_CORE_LIB" /D "QT_GUI_LIB" /D "QT_OPENGL_LIB" /D "QT_WIDGETS_LIB" /Gm- /EHsc /MDd /GS /fp:precise /Zc:wchar_t /Zc:forScope /Fo"Debug\\" /Fd"Debug\vc120.pdb" /Gd /TP /analyze- /errorReport:prompt PenShape.cpp boardWidget.cpp mainwindow.cpp
         PenShape.cpp
         boardWidget.cpp
         mainwindow.cpp
         Generating Code...
       Link:
         C:\Program Files (x86)\Microsoft Visual Studio 12.0\VC\bin\link.exe /ERRORREPORT:PROMPT /OUT:"C:\Users\Cemre\Desktop\paint5\paint\Win32\Debug\\paint.exe" /NOLOGO /LIBPATH:C:\Qt2\5.4\msvc2013\lib /LIBPATH:"C:\Users\pc\Documents\Visual Studio 2010\Projects\glew\lib\Release\Win32" qtmaind.lib Qt5Cored.lib Qt5Guid.lib Qt5OpenGLd.lib opengl32.lib glu32.lib Qt5Widgetsd.lib glew32.lib glew32s.lib kernel32.lib user32.lib gdi32.lib winspool.lib comdlg32.lib advapi32.lib shell32.lib ole32.lib oleaut32.lib uuid.lib odbc32.lib odbccp32.lib /MANIFEST /MANIFESTUAC:"level='asInvoker' uiAccess='false'" /manifest:embed /DEBUG /PDB:"C:\Users\Cemre\Desktop\paint5\paint\Win32\Debug\paint.pdb" /SUBSYSTEM:WINDOWS /TLBID:1 /DYNAMICBASE /NXCOMPAT /IMPLIB:"C:\Users\Cemre\Desktop\paint5\paint\Win32\Debug\paint.lib" /MACHINE:X86 /SAFESEH Debug\boardWidget.obj
         Debug\Circle.obj
         Debug\fill.obj
         Debug\moc_mainwindow.obj
         Debug\qrc_mainwindow.obj
         Debug\main.obj
         Debug\mainwindow.obj
         Debug\PenShape.obj
         Debug\Shape.obj
         Debug\Square.obj
         Debug\Triangle.obj
         paint.vcxproj -> C:\Users\Cemre\Desktop\paint5\paint\Win32\Debug\paint.exe
     1>Done Building Project "C:\Users\Cemre\Desktop\paint5\paint\paint\paint.vcxproj" (Build target(s)).

Build succeeded.

Time Elapsed 00:00:05.10
